[debug] [2021-04-26T18:06:55.946Z] ----------------------------------------------------------------------
[debug] [2021-04-26T18:06:55.949Z] Command:       C:\Program Files\nodejs\node.exe C:\Users\Captain\AppData\Roaming\npm\node_modules\firebase-tools\lib\bin\firebase.js init
[debug] [2021-04-26T18:06:55.949Z] CLI Version:   8.19.0
[debug] [2021-04-26T18:06:55.950Z] Platform:      win32
[debug] [2021-04-26T18:06:55.950Z] Node Version:  v12.19.0
[debug] [2021-04-26T18:06:55.951Z] Time:          Mon Apr 26 2021 21:06:55 GMT+0300 (East Africa Time)
[debug] [2021-04-26T18:06:55.951Z] ----------------------------------------------------------------------
[debug] [2021-04-26T18:06:55.952Z] 
[debug] [2021-04-26T18:06:55.959Z] > command requires scopes: ["email","openid","https://www.googleapis.com/auth/cloudplatformprojects.readonly","https://www.googleapis.com/auth/firebase","https://www.googleapis.com/auth/cloud-platform"]
[debug] [2021-04-26T18:06:55.960Z] > authorizing via signed-in user
[info] 
     ######## #### ########  ######## ########     ###     ######  ########
     ##        ##  ##     ## ##       ##     ##  ##   ##  ##       ##
     ######    ##  ########  ######   ########  #########  ######  ######
     ##        ##  ##    ##  ##       ##     ## ##     ##       ## ##
     ##       #### ##     ## ######## ########  ##     ##  ######  ########

You're about to initialize a Firebase project in this directory:

  C:\Users\Captain\Captain

[info] 
=== Project Setup
[info] 
[info] First, let's associate this project directory with a Firebase project.
[info] You can create multiple project aliases by running firebase use --add, 
[info] but for now we'll just set up a default project.
[info] 
[debug] [2021-04-26T18:08:16.030Z] > refreshing access token with scopes: ["email","https://www.googleapis.com/auth/cloud-platform","https://www.googleapis.com/auth/cloudplatformprojects.readonly","https://www.googleapis.com/auth/firebase","openid"]
[debug] [2021-04-26T18:08:16.032Z] >>> HTTP REQUEST POST https://www.googleapis.com/oauth2/v3/token  
 <request body omitted>
[debug] [2021-04-26T18:08:16.951Z] <<< HTTP RESPONSE 200 {"cache-control":"no-cache, no-store, max-age=0, must-revalidate","expires":"Mon, 01 Jan 1990 00:00:00 GMT","pragma":"no-cache","date":"Mon, 26 Apr 2021 18:08:16 GMT","content-type":"application/json; charset=utf-8","vary":"X-Origin, Referer, Origin,Accept-Encoding","server":"scaffolding on HTTPServer2","x-xss-protection":"0","x-frame-options":"SAMEORIGIN","x-content-type-options":"nosniff","alt-svc":"h3-29=\":443\"; ma=2592000,h3-T051=\":443\"; ma=2592000,h3-Q050=\":443\"; ma=2592000,h3-Q046=\":443\"; ma=2592000,h3-Q043=\":443\"; ma=2592000,quic=\":443\"; ma=2592000; v=\"46,43\"","accept-ranges":"none","transfer-encoding":"chunked"}
[debug] [2021-04-26T18:08:17.013Z] >>> HTTP REQUEST GET https://firebase.googleapis.com/v1beta1/projects?pageSize=100  
 
[debug] [2021-04-26T18:08:17.673Z] <<< HTTP RESPONSE 200 {"content-type":"application/json; charset=UTF-8","vary":"X-Origin, Referer, Origin,Accept-Encoding","date":"Mon, 26 Apr 2021 18:08:17 GMT","server":"ESF","cache-control":"private","x-xss-protection":"0","x-frame-options":"SAMEORIGIN","x-content-type-options":"nosniff","alt-svc":"h3-29=\":443\"; ma=2592000,h3-T051=\":443\"; ma=2592000,h3-Q050=\":443\"; ma=2592000,h3-Q046=\":443\"; ma=2592000,h3-Q043=\":443\"; ma=2592000,quic=\":443\"; ma=2592000; v=\"46,43\"","accept-ranges":"none","transfer-encoding":"chunked"}
[info] i  Using project portfolio-88cee (Portfolio) 
[info] 
=== Hosting Setup
[info] 
[info] Your public directory is the folder (relative to your project directory) that
[info] will contain Hosting assets to be uploaded with firebase deploy. If you
[info] have a build process for your assets, use your build's output directory.
[info] 
[info] +  Wrote public/404.html 
[debug] [2021-04-26T18:09:10.343Z] >>> [apiv2][query] GET https://www.gstatic.com/firebasejs/releases.json [none]
[debug] [2021-04-26T18:09:11.028Z] <<< [apiv2][status] GET https://www.gstatic.com/firebasejs/releases.json 200
[debug] [2021-04-26T18:09:11.028Z] <<< [apiv2][body] GET https://www.gstatic.com/firebasejs/releases.json {"current":{"version":"8.4.2","browserURL":"https://www.gstatic.com/firebasejs/8.4.2/firebase.js","packageURL":"https://www.gstatic.com/firebasejs/8.4.2/firebase.tgz"},"live":{"version":"8.4","browserURL":"https://www.gstatic.com/firebasejs/live/8.4/firebase.js","packageURL":"https://www.gstatic.com/firebasejs/live/8.4/firebase.tgz"},"components":{"analytics":"https://www.gstatic.com/firebasejs/8.4.2/firebase-analytics.js","app":"https://www.gstatic.com/firebasejs/8.4.2/firebase-app.js","auth":"https://www.gstatic.com/firebasejs/8.4.2/firebase-auth.js","database":"https://www.gstatic.com/firebasejs/8.4.2/firebase-database.js","firestore":"https://www.gstatic.com/firebasejs/8.4.2/firebase-firestore.js","functions":"https://www.gstatic.com/firebasejs/8.4.2/firebase-functions.js","installations":"https://www.gstatic.com/firebasejs/8.4.2/firebase-installations.js","messaging":"https://www.gstatic.com/firebasejs/8.4.2/firebase-messaging.js","storage":"https://www.gstatic.com/firebasejs/8.4.2/firebase-storage.js","performance":"https://www.gstatic.com/firebasejs/8.4.2/firebase-performance.js","remote-config":"https://www.gstatic.com/firebasejs/8.4.2/firebase-remote-config.js","firestore.memory":"https://www.gstatic.com/firebasejs/8.4.2/firebase-firestore.memory.js"}}
[info] +  Wrote public/index.html 
[info] 
[info] i  Detected a .git folder at C:\Users\Captain 
[info] i  Authorizing with GitHub to upload your service account to a GitHub repository's secrets store. 
[info] 
[info] Visit this URL on this device to log in:
[info] https://github.com/login/oauth/authorize?client_id=89cf50f02ac6aaed3484&state=364280731&redirect_uri=http%3A%2F%2Flocalhost%3A9005&scope=read%3Auser%20repo%20public_repo
[info] 
[info] Waiting for authentication...
[debug] [2021-04-26T18:09:15.321Z] >>> HTTP REQUEST POST https://github.com/login/oauth/access_token  
 {"client_id":"89cf50f02ac6aaed3484","client_secret":"3330d14abc895d9a74d5f17cd7a00711fa2c5bf0","code":"51a7eef46195c40754a1","redirect_uri":"http://localhost:9005","state":"364280731"}
[debug] [2021-04-26T18:09:16.060Z] <<< HTTP RESPONSE 200 {"server":"GitHub.com","date":"Mon, 26 Apr 2021 18:09:16 GMT","content-type":"application/json; charset=utf-8","transfer-encoding":"chunked","vary":"X-PJAX, Accept-Encoding, Accept, X-Requested-With","permissions-policy":"interest-cohort=()","etag":"W/\"cbce2cb2ce8b3d4402bef571dac6ae5b\"","cache-control":"max-age=0, private, must-revalidate","strict-transport-security":"max-age=31536000; includeSubdomains; preload","x-frame-options":"deny","x-content-type-options":"nosniff","x-xss-protection":"0","referrer-policy":"origin-when-cross-origin, strict-origin-when-cross-origin","expect-ct":"max-age=2592000, report-uri=\"https://api.github.com/_private/browser/errors\"","content-security-policy":"default-src 'none'; base-uri 'self'; block-all-mixed-content; connect-src 'self' uploads.github.com www.githubstatus.com collector.githubapp.com api.github.com github-cloud.s3.amazonaws.com github-production-repository-file-5c1aeb.s3.amazonaws.com github-production-upload-manifest-file-7fdce7.s3.amazonaws.com github-production-user-asset-6210df.s3.amazonaws.com cdn.optimizely.com logx.optimizely.com/v1/events wss://alive.github.com; font-src github.githubassets.com; form-action 'self' github.com gist.github.com; frame-ancestors 'none'; frame-src render.githubusercontent.com; img-src 'self' data: github.githubassets.com identicons.github.com collector.githubapp.com github-cloud.s3.amazonaws.com secured-user-images.githubusercontent.com/ *.githubusercontent.com; manifest-src 'self'; media-src 'none'; script-src github.githubassets.com; style-src 'unsafe-inline' github.githubassets.com; worker-src github.com/socket-worker-3f088aa2.js gist.github.com/socket-worker-3f088aa2.js","x-github-request-id":"08D7:361C:3122ED5:33A3892:608701CB"}
[debug] [2021-04-26T18:09:16.061Z] >>> [apiv2][query] GET https://api.github.com/user [none]
[debug] [2021-04-26T18:09:17.315Z] <<< [apiv2][status] GET https://api.github.com/user 200
[debug] [2021-04-26T18:09:17.316Z] <<< [apiv2][body] GET https://api.github.com/user {"login":"Dianaiminza","id":51244262,"node_id":"MDQ6VXNlcjUxMjQ0MjYy","avatar_url":"https://avatars.githubusercontent.com/u/51244262?v=4","gravatar_id":"","url":"https://api.github.com/users/Dianaiminza","html_url":"https://github.com/Dianaiminza","followers_url":"https://api.github.com/users/Dianaiminza/followers","following_url":"https://api.github.com/users/Dianaiminza/following{/other_user}","gists_url":"https://api.github.com/users/Dianaiminza/gists{/gist_id}","starred_url":"https://api.github.com/users/Dianaiminza/starred{/owner}{/repo}","subscriptions_url":"https://api.github.com/users/Dianaiminza/subscriptions","organizations_url":"https://api.github.com/users/Dianaiminza/orgs","repos_url":"https://api.github.com/users/Dianaiminza/repos","events_url":"https://api.github.com/users/Dianaiminza/events{/privacy}","received_events_url":"https://api.github.com/users/Dianaiminza/received_events","type":"User","site_admin":false,"name":"DIANA IMINZA","company":"JKUAT","blog":"","location":"Kenya","email":null,"hireable":null,"bio":"\r\n Web developer\r\nReact\r\n","twitter_username":"captainiminza","public_repos":45,"public_gists":0,"followers":1,"following":3,"created_at":"2019-05-31T17:54:51Z","updated_at":"2021-04-25T09:01:18Z","private_gists":0,"total_private_repos":3,"owned_private_repos":3,"disk_usage":317947,"collaborators":0,"two_factor_authentication":false,"plan":{"name":"free","space":976562499,"collaborators":0,"private_repos":10000}}
[info] 
[info] +  Success! Logged into GitHub as Dianaiminza 
[info] 
[debug] [2021-04-26T18:09:28.954Z] >>> [apiv2][query] GET https://api.github.com/repos//actions/secrets/public-key type=owner
[debug] [2021-04-26T18:09:29.636Z] <<< [apiv2][status] GET https://api.github.com/repos//actions/secrets/public-key 404
[debug] [2021-04-26T18:09:29.637Z] <<< [apiv2][body] GET https://api.github.com/repos//actions/secrets/public-key {"message":"Not Found","documentation_url":"https://docs.github.com/rest"}
[debug] [2021-04-26T18:09:37.314Z] >>> [apiv2][query] GET https://api.github.com/repos//actions/secrets/public-key type=owner
[debug] [2021-04-26T18:09:37.990Z] >>> [apiv2][query] GET https://api.github.com/repos//actions/secrets/public-key type=owner
[debug] [2021-04-26T18:09:38.002Z] <<< [apiv2][status] GET https://api.github.com/repos//actions/secrets/public-key 404
[debug] [2021-04-26T18:09:38.002Z] <<< [apiv2][body] GET https://api.github.com/repos//actions/secrets/public-key {"message":"Not Found","documentation_url":"https://docs.github.com/rest"}
[debug] [2021-04-26T18:09:38.662Z] <<< [apiv2][status] GET https://api.github.com/repos//actions/secrets/public-key 404
[debug] [2021-04-26T18:09:38.663Z] <<< [apiv2][body] GET https://api.github.com/repos//actions/secrets/public-key {"message":"Not Found","documentation_url":"https://docs.github.com/rest"}
